<?xml version="1.0" encoding="UTF-8"?>
<!-- Generated by org.testng.reporters.JUnitReportReporter -->
<testsuite skipped="0" hostname="HYDWS014" name="com.test.automation.uiAutomation.LoginPage.TC001_VerifyLoginwithValidCredentials" tests="2" failures="0" timestamp="26 Apr 2018 14:20:31 GMT" time="7.477" errors="0">
  <testcase name="verifyLoginwithInvalidCredentials" time="4.057" classname="com.test.automation.uiAutomation.LoginPage.TC001_VerifyLoginwithValidCredentials"/>
  <testcase name="verifyFinancialsMenu" time="3.420" classname="com.test.automation.uiAutomation.LoginPage.TC001_VerifyLoginwithValidCredentials"/>
</testsuite> <!-- com.test.automation.uiAutomation.LoginPage.TC001_VerifyLoginwithValidCredentials -->
